# JRE version: Java(TM) SE Runtime Environment (8.0_221-b11) (build 1.8.0_221-b11)
# Java VM: Java HotSpot(TM) 64-Bit Server VM (25.221-b11 mixed mode windows-amd64 compressed oops)
Heap:
 PSYoungGen      total 189952K, used 21257K [0x000000076b800000, 0x000000077a180000, 0x00000007c0000000)
  eden space 179712K, 11% used [0x000000076b800000,0x000000076ccc24c8,0x0000000776780000)
  from space 10240K, 0% used [0x0000000777480000,0x0000000777480000,0x0000000777e80000)
  to   space 29696K, 0% used [0x0000000778480000,0x0000000778480000,0x000000077a180000)
 ParOldGen       total 165888K, used 18672K [0x00000006c2800000, 0x00000006cca00000, 0x000000076b800000)
  object space 165888K, 11% used [0x00000006c2800000,0x00000006c3a3c130,0x00000006cca00000)
 Metaspace       used 52469K, capacity 55442K, committed 55936K, reserved 1097728K
  class space    used 7448K, capacity 7968K, committed 8064K, reserved 1048576K
GC Heap History (10 events):
Event: 11191.010 GC heap before
{Heap before GC invocations=14 (full 2):
 PSYoungGen      total 218624K, used 218597K [0x000000076b800000, 0x000000077c100000, 0x00000007c0000000)
  eden space 194560K, 100% used [0x000000076b800000,0x0000000777600000,0x0000000777600000)
  from space 24064K, 99% used [0x000000077a480000,0x000000077bbf9688,0x000000077bc00000)
  to   space 5120K, 0% used [0x000000077bc00000,0x000000077bc00000,0x000000077c100000)
 ParOldGen       total 165888K, used 24745K [0x00000006c2800000, 0x00000006cca00000, 0x000000076b800000)
  object space 165888K, 14% used [0x00000006c2800000,0x00000006c402a4e0,0x00000006cca00000)
 Metaspace       used 52406K, capacity 55434K, committed 55680K, reserved 1097728K
  class space    used 7467K, capacity 8020K, committed 8064K, reserved 1048576K
Event: 11191.048 GC heap after
Heap after GC invocations=14 (full 2):
 PSYoungGen      total 194560K, used 5091K [0x000000076b800000, 0x000000077c100000, 0x00000007c0000000)
  eden space 189440K, 0% used [0x000000076b800000,0x000000076b800000,0x0000000777100000)
  from space 5120K, 99% used [0x000000077bc00000,0x000000077c0f8d60,0x000000077c100000)
  to   space 30208K, 0% used [0x0000000778600000,0x0000000778600000,0x000000077a380000)
 ParOldGen       total 165888K, used 42109K [0x00000006c2800000, 0x00000006cca00000, 0x000000076b800000)
  object space 165888K, 25% used [0x00000006c2800000,0x00000006c511f760,0x00000006cca00000)
 Metaspace       used 52406K, capacity 55434K, committed 55680K, reserved 1097728K
  class space    used 7467K, capacity 8020K, committed 8064K, reserved 1048576K
}
Event: 14175.665 GC heap before
{Heap before GC invocations=15 (full 2):
 PSYoungGen      total 194560K, used 194531K [0x000000076b800000, 0x000000077c100000, 0x00000007c0000000)
  eden space 189440K, 100% used [0x000000076b800000,0x0000000777100000,0x0000000777100000)
  from space 5120K, 99% used [0x000000077bc00000,0x000000077c0f8d60,0x000000077c100000)
  to   space 30208K, 0% used [0x0000000778600000,0x0000000778600000,0x000000077a380000)
 ParOldGen       total 165888K, used 42109K [0x00000006c2800000, 0x00000006cca00000, 0x000000076b800000)
  object space 165888K, 25% used [0x00000006c2800000,0x00000006c511f760,0x00000006cca00000)
 Metaspace       used 52633K, capacity 55626K, committed 55680K, reserved 1097728K
  class space    used 7467K, capacity 8020K, committed 8064K, reserved 1048576K
Event: 14175.748 GC heap after
Heap after GC invocations=15 (full 2):
 PSYoungGen      total 204288K, used 19467K [0x000000076b800000, 0x000000077bc80000, 0x00000007c0000000)
  eden space 184320K, 0% used [0x000000076b800000,0x000000076b800000,0x0000000776c00000)
  from space 19968K, 97% used [0x0000000778600000,0x0000000779902e20,0x0000000779980000)
  to   space 30720K, 0% used [0x0000000779e80000,0x0000000779e80000,0x000000077bc80000)
 ParOldGen       total 165888K, used 42117K [0x00000006c2800000, 0x00000006cca00000, 0x000000076b800000)
  object space 165888K, 25% used [0x00000006c2800000,0x00000006c5121760,0x00000006cca00000)
 Metaspace       used 52633K, capacity 55626K, committed 55680K, reserved 1097728K
  class space    used 7467K, capacity 8020K, committed 8064K, reserved 1048576K
}
Event: 16958.254 GC heap before
{Heap before GC invocations=16 (full 2):
 PSYoungGen      total 204288K, used 203787K [0x000000076b800000, 0x000000077bc80000, 0x00000007c0000000)
  eden space 184320K, 100% used [0x000000076b800000,0x0000000776c00000,0x0000000776c00000)
  from space 19968K, 97% used [0x0000000778600000,0x0000000779902e20,0x0000000779980000)
  to   space 30720K, 0% used [0x0000000779e80000,0x0000000779e80000,0x000000077bc80000)
 ParOldGen       total 165888K, used 42117K [0x00000006c2800000, 0x00000006cca00000, 0x000000076b800000)
  object space 165888K, 25% used [0x00000006c2800000,0x00000006c5121760,0x00000006cca00000)
 Metaspace       used 52633K, capacity 55626K, committed 55680K, reserved 1097728K
  class space    used 7467K, capacity 8020K, committed 8064K, reserved 1048576K
Event: 16958.284 GC heap after
Heap after GC invocations=16 (full 2):
 PSYoungGen      total 198144K, used 18325K [0x000000076b800000, 0x000000077b080000, 0x00000007c0000000)
  eden space 179712K, 0% used [0x000000076b800000,0x000000076b800000,0x0000000776780000)
  from space 18432K, 99% used [0x0000000779e80000,0x000000077b065610,0x000000077b080000)
  to   space 30720K, 0% used [0x0000000777480000,0x0000000777480000,0x0000000779280000)
 ParOldGen       total 165888K, used 42125K [0x00000006c2800000, 0x00000006cca00000, 0x000000076b800000)
  object space 165888K, 25% used [0x00000006c2800000,0x00000006c5123760,0x00000006cca00000)
 Metaspace       used 52633K, capacity 55626K, committed 55680K, reserved 1097728K
  class space    used 7467K, capacity 8020K, committed 8064K, reserved 1048576K
}
Event: 17818.864 GC heap before
{Heap before GC invocations=17 (full 2):
 PSYoungGen      total 198144K, used 90791K [0x000000076b800000, 0x000000077b080000, 0x00000007c0000000)
  eden space 179712K, 40% used [0x000000076b800000,0x000000076fec4880,0x0000000776780000)
  from space 18432K, 99% used [0x0000000779e80000,0x000000077b065610,0x000000077b080000)
  to   space 30720K, 0% used [0x0000000777480000,0x0000000777480000,0x0000000779280000)
 ParOldGen       total 165888K, used 42125K [0x00000006c2800000, 0x00000006cca00000, 0x000000076b800000)
  object space 165888K, 25% used [0x00000006c2800000,0x00000006c5123760,0x00000006cca00000)
 Metaspace       used 52700K, capacity 55806K, committed 55936K, reserved 1097728K
  class space    used 7483K, capacity 8033K, committed 8064K, reserved 1048576K
Event: 17819.050 GC heap after
Heap after GC invocations=17 (full 2):
 PSYoungGen      total 189952K, used 9817K [0x000000076b800000, 0x000000077a180000, 0x00000007c0000000)
  eden space 179712K, 0% used [0x000000076b800000,0x000000076b800000,0x0000000776780000)
  from space 10240K, 95% used [0x0000000777480000,0x0000000777e164e0,0x0000000777e80000)
  to   space 29696K, 0% used [0x0000000778480000,0x0000000778480000,0x000000077a180000)
 ParOldGen       total 165888K, used 42125K [0x00000006c2800000, 0x00000006cca00000, 0x000000076b800000)
  object space 165888K, 25% used [0x00000006c2800000,0x00000006c5123760,0x00000006cca00000)
 Metaspace       used 52700K, capacity 55806K, committed 55936K, reserved 1097728K
  class space    used 7483K, capacity 8033K, committed 8064K, reserved 1048576K
}
Event: 17819.050 GC heap before
{Heap before GC invocations=18 (full 3):
 PSYoungGen      total 189952K, used 9817K [0x000000076b800000, 0x000000077a180000, 0x00000007c0000000)
  eden space 179712K, 0% used [0x000000076b800000,0x000000076b800000,0x0000000776780000)
  from space 10240K, 95% used [0x0000000777480000,0x0000000777e164e0,0x0000000777e80000)
  to   space 29696K, 0% used [0x0000000778480000,0x0000000778480000,0x000000077a180000)
 ParOldGen       total 165888K, used 42125K [0x00000006c2800000, 0x00000006cca00000, 0x000000076b800000)
  object space 165888K, 25% used [0x00000006c2800000,0x00000006c5123760,0x00000006cca00000)
 Metaspace       used 52700K, capacity 55806K, committed 55936K, reserved 1097728K
  class space    used 7483K, capacity 8033K, committed 8064K, reserved 1048576K
Event: 17819.674 GC heap after
Heap after GC invocations=18 (full 3):
 PSYoungGen      total 189952K, used 0K [0x000000076b800000, 0x000000077a180000, 0x00000007c0000000)
  eden space 179712K, 0% used [0x000000076b800000,0x000000076b800000,0x0000000776780000)
  from space 10240K, 0% used [0x0000000777480000,0x0000000777480000,0x0000000777e80000)
  to   space 29696K, 0% used [0x0000000778480000,0x0000000778480000,0x000000077a180000)
 ParOldGen       total 165888K, used 18672K [0x00000006c2800000, 0x00000006cca00000, 0x000000076b800000)
  object space 165888K, 11% used [0x00000006c2800000,0x00000006c3a3c130,0x00000006cca00000)
 Metaspace       used 52451K, capacity 55408K, committed 55936K, reserved 1097728K
  class space    used 7444K, capacity 7962K, committed 8064K, reserved 1048576K
}

